2021-12-27 16:35:08 [INFO ] c.p.r.NativeLoader:64 - ********************************
2021-12-27 16:35:08 [INFO ] c.p.r.NativeLoader:65 - Native library search paths: 
2021-12-27 16:35:08 [INFO ] c.p.r.NativeLoader:948 - C:\Users\DELL\AppData\Roaming\PVS-Studio-Java\7.16.55608
2021-12-27 16:35:08 [INFO ] c.p.r.NativeLoader:948 - .
2021-12-27 16:35:08 [INFO ] c.p.r.NativeLoader:948 - C:\Users\DELL\AppData\Roaming\PVS-Studio-Java\7.16.55608\..
2021-12-27 16:35:08 [INFO ] c.p.r.NativeLoader:948 - C:\Users\DELL\AppData\Roaming\PVS-Studio-Java\7.16.55608\..\..
2021-12-27 16:35:08 [INFO ] c.p.r.NativeLoader:948 - C:\Users\DELL\AppData\Roaming\PVS-Studio-Java\7.16.55608\..\..\build
2021-12-27 16:35:08 [INFO ] c.p.r.NativeLoader:67 - Additional path: native/win
2021-12-27 16:35:08 [INFO ] c.p.r.NativeLoader:76 - Native library found: C:\Users\DELL\AppData\Roaming\PVS-Studio-Java\7.16.55608\native\win\analysis-core.dll
2021-12-27 16:35:08 [INFO ] c.p.r.NativeLoader:77 - ********************************
2021-12-27 16:35:08 [INFO ] c.p.r.NativeLoader:64 - ********************************
2021-12-27 16:35:08 [INFO ] c.p.r.NativeLoader:65 - Native library search paths: 
2021-12-27 16:35:08 [INFO ] c.p.r.NativeLoader:948 - C:\Users\DELL\AppData\Roaming\PVS-Studio-Java\7.16.55608
2021-12-27 16:35:08 [INFO ] c.p.r.NativeLoader:948 - .
2021-12-27 16:35:08 [INFO ] c.p.r.NativeLoader:948 - C:\Users\DELL\AppData\Roaming\PVS-Studio-Java\7.16.55608\..
2021-12-27 16:35:08 [INFO ] c.p.r.NativeLoader:948 - C:\Users\DELL\AppData\Roaming\PVS-Studio-Java\7.16.55608\..\..
2021-12-27 16:35:08 [INFO ] c.p.r.NativeLoader:948 - C:\Users\DELL\AppData\Roaming\PVS-Studio-Java\7.16.55608\..\..\build
2021-12-27 16:35:08 [INFO ] c.p.r.NativeLoader:67 - Additional path: native/win
2021-12-27 16:35:08 [INFO ] c.p.r.NativeLoader:76 - Native library found: C:\Users\DELL\AppData\Roaming\PVS-Studio-Java\7.16.55608\native\win\analysis-core.dll
2021-12-27 16:35:08 [INFO ] c.p.r.NativeLoader:77 - ********************************
